{"numFailedTestSuites":0,"numFailedTests":0,"numPassedTestSuites":1,"numPassedTests":5,"numPendingTestSuites":0,"numPendingTests":0,"numRuntimeErrorTestSuites":0,"numTodoTests":0,"numTotalTestSuites":1,"numTotalTests":5,"openHandles":[],"snapshot":{"added":0,"didUpdate":false,"failure":false,"filesAdded":0,"filesRemoved":0,"filesRemovedList":[],"filesUnmatched":0,"filesUpdated":0,"matched":3,"total":3,"unchecked":0,"uncheckedKeysByFile":[],"unmatched":0,"updated":0},"startTime":1610472436883,"success":true,"testResults":[{"assertionResults":[{"ancestorTitles":["Component <TextBanner /> Tests:"],"failureMessages":[],"fullName":"Component <TextBanner /> Tests: Component does not throw any errors with the correct props","location":null,"status":"passed","title":"Component does not throw any errors with the correct props"},{"ancestorTitles":["Component <TextBanner /> Tests:"],"failureMessages":[],"fullName":"Component <TextBanner /> Tests: Component renders without errors","location":null,"status":"passed","title":"Component renders without errors"},{"ancestorTitles":["Component <TextBanner /> Tests:"],"failureMessages":[],"fullName":"Component <TextBanner /> Tests: Component renders with link props","location":null,"status":"passed","title":"Component renders with link props"},{"ancestorTitles":["Component <TextBanner /> Tests:"],"failureMessages":[],"fullName":"Component <TextBanner /> Tests: Component renders without link props","location":null,"status":"passed","title":"Component renders without link props"},{"ancestorTitles":["Component <TextBanner /> click Link:"],"failureMessages":[],"fullName":"Component <TextBanner /> click Link: should be clickable with link","location":null,"status":"passed","title":"should be clickable with link"}],"endTime":1610472439482,"message":"","name":"/Users/arjun/PetSmart/React/Digital-Circular-React/client/src/components/Banner/__tests__/TextBanner.test.js","startTime":1610472437662,"status":"passed","summary":""}],"wasInterrupted":false}